La génération a démarré 10/02/2023 11:48:59.
     1>Projet "C:\Etudiant\L3\TAZEKRITT\TP0\TP0.vcxproj" sur le nœud 2 (build cible(s)).
     1>InitializeBuildStatus:
         Création de "Debug\TP0.unsuccessfulbuild", car "AlwaysCreate" a été spécifié.
       ClCompile:
         C:\Program Files (x86)\Microsoft Visual Studio 10.0\VC\bin\CL.exe /c /ZI /nologo /W3 /WX- /Od /Oy- /D WIN32 /D _DEBUG /D _CONSOLE /D _UNICODE /D UNICODE /Gm /EHsc /RTC1 /MDd /GS /fp:precise /Zc:wchar_t /Zc:forScope /Fo"Debug\\" /Fd"Debug\vc100.pdb" /Gd /TP /analyze- /errorReport:prompt TP0.cpp
         TP0.cpp
     1>c:\etudiant\l3\tazekritt\tp0\tp0.cpp(28): warning C4996: 'strcpy': This function or variable may be unsafe. Consider using strcpy_s instead. To disable deprecation, use _CRT_SECURE_NO_WARNINGS. See online help for details.
                 c:\program files (x86)\microsoft visual studio 10.0\vc\include\string.h(105) : voir la déclaration de 'strcpy'
     1>c:\etudiant\l3\tazekritt\tp0\tp0.cpp(29): warning C4996: 'strcpy': This function or variable may be unsafe. Consider using strcpy_s instead. To disable deprecation, use _CRT_SECURE_NO_WARNINGS. See online help for details.
                 c:\program files (x86)\microsoft visual studio 10.0\vc\include\string.h(105) : voir la déclaration de 'strcpy'
     1>c:\etudiant\l3\tazekritt\tp0\tp0.cpp(30): warning C4996: 'strcpy': This function or variable may be unsafe. Consider using strcpy_s instead. To disable deprecation, use _CRT_SECURE_NO_WARNINGS. See online help for details.
                 c:\program files (x86)\microsoft visual studio 10.0\vc\include\string.h(105) : voir la déclaration de 'strcpy'
     1>c:\etudiant\l3\tazekritt\tp0\tp0.cpp(36): warning C4996: 'strcpy': This function or variable may be unsafe. Consider using strcpy_s instead. To disable deprecation, use _CRT_SECURE_NO_WARNINGS. See online help for details.
                 c:\program files (x86)\microsoft visual studio 10.0\vc\include\string.h(105) : voir la déclaration de 'strcpy'
     1>c:\etudiant\l3\tazekritt\tp0\tp0.cpp(37): warning C4996: 'strcpy': This function or variable may be unsafe. Consider using strcpy_s instead. To disable deprecation, use _CRT_SECURE_NO_WARNINGS. See online help for details.
                 c:\program files (x86)\microsoft visual studio 10.0\vc\include\string.h(105) : voir la déclaration de 'strcpy'
     1>c:\etudiant\l3\tazekritt\tp0\tp0.cpp(38): warning C4996: 'strcpy': This function or variable may be unsafe. Consider using strcpy_s instead. To disable deprecation, use _CRT_SECURE_NO_WARNINGS. See online help for details.
                 c:\program files (x86)\microsoft visual studio 10.0\vc\include\string.h(105) : voir la déclaration de 'strcpy'
     1>c:\etudiant\l3\tazekritt\tp0\tp0.cpp(44): warning C4996: 'strcpy': This function or variable may be unsafe. Consider using strcpy_s instead. To disable deprecation, use _CRT_SECURE_NO_WARNINGS. See online help for details.
                 c:\program files (x86)\microsoft visual studio 10.0\vc\include\string.h(105) : voir la déclaration de 'strcpy'
     1>c:\etudiant\l3\tazekritt\tp0\tp0.cpp(45): warning C4996: 'strcpy': This function or variable may be unsafe. Consider using strcpy_s instead. To disable deprecation, use _CRT_SECURE_NO_WARNINGS. See online help for details.
                 c:\program files (x86)\microsoft visual studio 10.0\vc\include\string.h(105) : voir la déclaration de 'strcpy'
     1>c:\etudiant\l3\tazekritt\tp0\tp0.cpp(46): warning C4996: 'strcpy': This function or variable may be unsafe. Consider using strcpy_s instead. To disable deprecation, use _CRT_SECURE_NO_WARNINGS. See online help for details.
                 c:\program files (x86)\microsoft visual studio 10.0\vc\include\string.h(105) : voir la déclaration de 'strcpy'
     1>c:\etudiant\l3\tazekritt\tp0\tp0.cpp(73): warning C4996: 'strcpy': This function or variable may be unsafe. Consider using strcpy_s instead. To disable deprecation, use _CRT_SECURE_NO_WARNINGS. See online help for details.
                 c:\program files (x86)\microsoft visual studio 10.0\vc\include\string.h(105) : voir la déclaration de 'strcpy'
     1>c:\etudiant\l3\tazekritt\tp0\tp0.cpp(78): warning C4996: 'strcpy': This function or variable may be unsafe. Consider using strcpy_s instead. To disable deprecation, use _CRT_SECURE_NO_WARNINGS. See online help for details.
                 c:\program files (x86)\microsoft visual studio 10.0\vc\include\string.h(105) : voir la déclaration de 'strcpy'
     1>c:\etudiant\l3\tazekritt\tp0\tp0.cpp(115): warning C4996: 'strcpy': This function or variable may be unsafe. Consider using strcpy_s instead. To disable deprecation, use _CRT_SECURE_NO_WARNINGS. See online help for details.
                 c:\program files (x86)\microsoft visual studio 10.0\vc\include\string.h(105) : voir la déclaration de 'strcpy'
     1>c:\etudiant\l3\tazekritt\tp0\tp0.cpp(120): warning C4996: 'getch': The POSIX name for this item is deprecated. Instead, use the ISO C++ conformant name: _getch. See online help for details.
                 c:\program files (x86)\microsoft visual studio 10.0\vc\include\conio.h(128) : voir la déclaration de 'getch'
       ManifestResourceCompile:
         Toutes les sorties sont à jour.
       Link:
         C:\Program Files (x86)\Microsoft Visual Studio 10.0\VC\bin\link.exe /ERRORREPORT:PROMPT /OUT:"C:\Etudiant\L3\TAZEKRITT\TP0\Debug\TP0.exe" /INCREMENTAL /NOLOGO kernel32.lib user32.lib gdi32.lib winspool.lib comdlg32.lib advapi32.lib shell32.lib ole32.lib oleaut32.lib uuid.lib odbc32.lib odbccp32.lib /MANIFEST /ManifestFile:"Debug\TP0.exe.intermediate.manifest" /MANIFESTUAC:"level='asInvoker' uiAccess='false'" /DEBUG /PDB:"C:\Etudiant\L3\TAZEKRITT\TP0\Debug\TP0.pdb" /SUBSYSTEM:CONSOLE /TLBID:1 /DYNAMICBASE /NXCOMPAT /IMPLIB:"C:\Etudiant\L3\TAZEKRITT\TP0\Debug\TP0.lib" /MACHINE:X86 Debug\TP0.exe.embed.manifest.res
         Debug\TP0.obj
       Manifest:
         C:\Program Files (x86)\Microsoft SDKs\Windows\v7.0A\bin\mt.exe /nologo /verbose /out:"Debug\TP0.exe.embed.manifest" /manifest Debug\TP0.exe.intermediate.manifest
         Toutes les sorties sont à jour.
       LinkEmbedManifest:
         Toutes les sorties sont à jour.
         TP0.vcxproj -> C:\Etudiant\L3\TAZEKRITT\TP0\Debug\TP0.exe
       FinalizeBuildStatus:
         Suppression du fichier "Debug\TP0.unsuccessfulbuild".
         Mise à jour de l'horodatage "Debug\TP0.lastbuildstate".
     1>Génération du projet "C:\Etudiant\L3\TAZEKRITT\TP0\TP0.vcxproj" terminée (build cible(s)).

La génération a réussi.

Temps écoulé 00:00:00.34
